{"C:\\Users\\vifar\\OneDrive\\Documentos\\GitHub\\mediflow-front\\src\\components\\ClinicalRecord.jsx": {"path":"C:\\Users\\vifar\\OneDrive\\Documentos\\GitHub\\mediflow-front\\src\\components\\ClinicalRecord.jsx","statementMap":{"0":{"start":{"line":4,"column":6},"end":{"line":4,"column":null}},"1":{"start":{"line":8,"column":8},"end":{"line":8,"column":null}},"2":{"start":{"line":9,"column":2},"end":{"line":13,"column":null}},"3":{"start":{"line":10,"column":4},"end":{"line":12,"column":null}},"4":{"start":{"line":14,"column":2},"end":{"line":14,"column":null}},"5":{"start":{"line":19,"column":2},"end":{"line":24,"column":null}},"6":{"start":{"line":29,"column":0},"end":{"line":61,"column":null}},"7":{"start":{"line":30,"column":17},"end":{"line":30,"column":null}},"8":{"start":{"line":33,"column":8},"end":{"line":45,"column":null}},"9":{"start":{"line":34,"column":4},"end":{"line":44,"column":null}},"10":{"start":{"line":37,"column":8},"end":{"line":37,"column":null}},"11":{"start":{"line":39,"column":8},"end":{"line":39,"column":null}},"12":{"start":{"line":41,"column":8},"end":{"line":41,"column":null}},"13":{"start":{"line":43,"column":8},"end":{"line":43,"column":null}},"14":{"start":{"line":47,"column":2},"end":{"line":59,"column":null}},"15":{"start":{"line":64,"column":0},"end":{"line":127,"column":null}},"16":{"start":{"line":65,"column":17},"end":{"line":65,"column":null}},"17":{"start":{"line":67,"column":2},"end":{"line":125,"column":null}},"18":{"start":{"line":83,"column":34},"end":{"line":83,"column":null}},"19":{"start":{"line":84,"column":16},"end":{"line":96,"column":null}},"20":{"start":{"line":112,"column":27},"end":{"line":116,"column":null}},"21":{"start":{"line":117,"column":12},"end":{"line":120,"column":null}},"22":{"start":{"line":130,"column":0},"end":{"line":145,"column":null}},"23":{"start":{"line":131,"column":17},"end":{"line":131,"column":null}},"24":{"start":{"line":133,"column":2},"end":{"line":143,"column":null}}},"fnMap":{"0":{"name":"useClinicalRecordContext","decl":{"start":{"line":7,"column":9},"end":{"line":7,"column":36}},"loc":{"start":{"line":7,"column":36},"end":{"line":15,"column":null}},"line":7},"1":{"name":"ClinicalRecord","decl":{"start":{"line":18,"column":16},"end":{"line":18,"column":31}},"loc":{"start":{"line":18,"column":53},"end":{"line":26,"column":null}},"line":18},"2":{"name":"ClinicalRecordHeader","decl":{"start":{"line":29,"column":33},"end":{"line":29,"column":56}},"loc":{"start":{"line":29,"column":56},"end":{"line":61,"column":null}},"line":29},"3":{"name":"(anonymous_3)","decl":{"start":{"line":33,"column":8},"end":{"line":33,"column":25}},"loc":{"start":{"line":33,"column":34},"end":{"line":45,"column":null}},"line":33},"4":{"name":"ClinicalRecordBody","decl":{"start":{"line":64,"column":31},"end":{"line":64,"column":52}},"loc":{"start":{"line":64,"column":52},"end":{"line":127,"column":null}},"line":64},"5":{"name":"(anonymous_5)","decl":{"start":{"line":82,"column":33},"end":{"line":82,"column":38}},"loc":{"start":{"line":82,"column":53},"end":{"line":98,"column":15}},"line":82},"6":{"name":"(anonymous_6)","decl":{"start":{"line":110,"column":59},"end":{"line":110,"column":64}},"loc":{"start":{"line":110,"column":72},"end":{"line":122,"column":11}},"line":110},"7":{"name":"ClinicalRecordFooter","decl":{"start":{"line":130,"column":33},"end":{"line":130,"column":56}},"loc":{"start":{"line":130,"column":56},"end":{"line":145,"column":null}},"line":130}},"branchMap":{"0":{"loc":{"start":{"line":9,"column":2},"end":{"line":13,"column":null}},"type":"if","locations":[{"start":{"line":9,"column":2},"end":{"line":13,"column":null}},{"start":{},"end":{}}],"line":9},"1":{"loc":{"start":{"line":34,"column":4},"end":{"line":44,"column":null}},"type":"switch","locations":[{"start":{"line":35,"column":6},"end":{"line":35,"column":null}},{"start":{"line":36,"column":6},"end":{"line":37,"column":null}},{"start":{"line":38,"column":6},"end":{"line":39,"column":null}},{"start":{"line":40,"column":6},"end":{"line":41,"column":null}},{"start":{"line":42,"column":6},"end":{"line":43,"column":null}}],"line":34},"2":{"loc":{"start":{"line":55,"column":36},"end":{"line":55,"column":97}},"type":"binary-expr","locations":[{"start":{"line":55,"column":36},"end":{"line":55,"column":53}},{"start":{"line":55,"column":53},"end":{"line":55,"column":75}},{"start":{"line":55,"column":75},"end":{"line":55,"column":97}}],"line":55},"3":{"loc":{"start":{"line":70,"column":7},"end":{"line":123,"column":null}},"type":"cond-expr","locations":[{"start":{"line":71,"column":8},"end":{"line":104,"column":9}},{"start":{"line":104,"column":8},"end":{"line":123,"column":null}}],"line":70},"4":{"loc":{"start":{"line":70,"column":7},"end":{"line":70,"column":null}},"type":"binary-expr","locations":[{"start":{"line":70,"column":7},"end":{"line":70,"column":28}},{"start":{"line":70,"column":28},"end":{"line":70,"column":null}}],"line":70},"5":{"loc":{"start":{"line":83,"column":34},"end":{"line":83,"column":null}},"type":"binary-expr","locations":[{"start":{"line":83,"column":34},"end":{"line":83,"column":74}},{"start":{"line":83,"column":74},"end":{"line":83,"column":null}}],"line":83},"6":{"loc":{"start":{"line":85,"column":45},"end":{"line":85,"column":null}},"type":"cond-expr","locations":[{"start":{"line":85,"column":57},"end":{"line":85,"column":74}},{"start":{"line":85,"column":74},"end":{"line":85,"column":null}}],"line":85},"7":{"loc":{"start":{"line":92,"column":54},"end":{"line":92,"column":null}},"type":"cond-expr","locations":[{"start":{"line":92,"column":66},"end":{"line":92,"column":82}},{"start":{"line":92,"column":82},"end":{"line":92,"column":null}}],"line":92},"8":{"loc":{"start":{"line":105,"column":11},"end":{"line":110,"column":18}},"type":"binary-expr","locations":[{"start":{"line":105,"column":11},"end":{"line":105,"column":null}},{"start":{"line":106,"column":12},"end":{"line":110,"column":18}}],"line":105},"9":{"loc":{"start":{"line":110,"column":11},"end":{"line":122,"column":null}},"type":"binary-expr","locations":[{"start":{"line":110,"column":11},"end":{"line":110,"column":30}},{"start":{"line":110,"column":30},"end":{"line":122,"column":null}}],"line":110},"10":{"loc":{"start":{"line":119,"column":25},"end":{"line":119,"column":44}},"type":"binary-expr","locations":[{"start":{"line":119,"column":25},"end":{"line":119,"column":40}},{"start":{"line":119,"column":40},"end":{"line":119,"column":44}}],"line":119},"11":{"loc":{"start":{"line":138,"column":7},"end":{"line":143,"column":null}},"type":"binary-expr","locations":[{"start":{"line":138,"column":7},"end":{"line":138,"column":null}},{"start":{"line":139,"column":8},"end":{"line":143,"column":null}}],"line":138}},"s":{"0":1,"1":21,"2":21,"3":0,"4":21,"5":7,"6":1,"7":7,"8":7,"9":7,"10":3,"11":4,"12":0,"13":0,"14":7,"15":1,"16":7,"17":7,"18":3,"19":3,"20":12,"21":12,"22":1,"23":7,"24":7},"f":{"0":21,"1":7,"2":7,"3":7,"4":7,"5":3,"6":12,"7":7},"b":{"0":[0,21],"1":[0,3,4,0,0],"2":[7,4,0],"3":[3,4],"4":[7,3],"5":[3,0],"6":[3,0],"7":[3,0],"8":[4,4],"9":[4,4],"10":[12,0],"11":[7,3]},"meta":{"lastBranch":12,"lastFunction":8,"lastStatement":25,"seen":{"s:4:6:4:Infinity":0,"f:7:9:7:36":0,"s:8:8:8:Infinity":1,"b:9:2:13:Infinity:undefined:undefined:undefined:undefined":0,"s:9:2:13:Infinity":2,"s:10:4:12:Infinity":3,"s:14:2:14:Infinity":4,"f:18:16:18:31":1,"s:19:2:24:Infinity":5,"s:29:0:61:Infinity":6,"f:29:33:29:56":2,"s:30:17:30:Infinity":7,"s:33:8:45:Infinity":8,"f:33:8:33:25":3,"b:35:6:35:Infinity:36:6:37:Infinity:38:6:39:Infinity:40:6:41:Infinity:42:6:43:Infinity":1,"s:34:4:44:Infinity":9,"s:37:8:37:Infinity":10,"s:39:8:39:Infinity":11,"s:41:8:41:Infinity":12,"s:43:8:43:Infinity":13,"s:47:2:59:Infinity":14,"b:55:36:55:53:55:53:55:75:55:75:55:97":2,"s:64:0:127:Infinity":15,"f:64:31:64:52":4,"s:65:17:65:Infinity":16,"s:67:2:125:Infinity":17,"b:71:8:104:9:104:8:123:Infinity":3,"b:70:7:70:28:70:28:70:Infinity":4,"f:82:33:82:38":5,"s:83:34:83:Infinity":18,"b:83:34:83:74:83:74:83:Infinity":5,"s:84:16:96:Infinity":19,"b:85:57:85:74:85:74:85:Infinity":6,"b:92:66:92:82:92:82:92:Infinity":7,"b:105:11:105:Infinity:106:12:110:18":8,"b:110:11:110:30:110:30:122:Infinity":9,"f:110:59:110:64":6,"s:112:27:116:Infinity":20,"s:117:12:120:Infinity":21,"b:119:25:119:40:119:40:119:44":10,"s:130:0:145:Infinity":22,"f:130:33:130:56":7,"s:131:17:131:Infinity":23,"s:133:2:143:Infinity":24,"b:138:7:138:Infinity:139:8:143:Infinity":11},"fnNames":{}}}
,"C:\\Users\\vifar\\OneDrive\\Documentos\\GitHub\\mediflow-front\\src\\components\\PatientHistoryView.jsx": {"path":"C:\\Users\\vifar\\OneDrive\\Documentos\\GitHub\\mediflow-front\\src\\components\\PatientHistoryView.jsx","statementMap":{"0":{"start":{"line":5,"column":34},"end":{"line":5,"column":null}},"1":{"start":{"line":7,"column":2},"end":{"line":9,"column":null}},"2":{"start":{"line":8,"column":4},"end":{"line":8,"column":null}},"3":{"start":{"line":11,"column":2},"end":{"line":248,"column":null}},"4":{"start":{"line":22,"column":14},"end":{"line":22,"column":null}},"5":{"start":{"line":23,"column":14},"end":{"line":25,"column":null}},"6":{"start":{"line":24,"column":16},"end":{"line":24,"column":null}},"7":{"start":{"line":30,"column":33},"end":{"line":30,"column":null}},"8":{"start":{"line":56,"column":36},"end":{"line":56,"column":null}},"9":{"start":{"line":57,"column":35},"end":{"line":57,"column":null}},"10":{"start":{"line":75,"column":53},"end":{"line":75,"column":57}},"11":{"start":{"line":133,"column":36},"end":{"line":133,"column":null}},"12":{"start":{"line":150,"column":36},"end":{"line":150,"column":null}},"13":{"start":{"line":167,"column":36},"end":{"line":167,"column":null}},"14":{"start":{"line":184,"column":36},"end":{"line":184,"column":null}},"15":{"start":{"line":218,"column":32},"end":{"line":218,"column":null}},"16":{"start":{"line":219,"column":18},"end":{"line":233,"column":null}},"17":{"start":{"line":220,"column":20},"end":{"line":231,"column":null}},"18":{"start":{"line":235,"column":18},"end":{"line":240,"column":null}}},"fnMap":{"0":{"name":"PatientHistoryView","decl":{"start":{"line":4,"column":16},"end":{"line":4,"column":35}},"loc":{"start":{"line":4,"column":119},"end":{"line":250,"column":null}},"line":4},"1":{"name":"(anonymous_1)","decl":{"start":{"line":7,"column":8},"end":{"line":7,"column":24}},"loc":{"start":{"line":7,"column":24},"end":{"line":9,"column":5}},"line":7},"2":{"name":"(anonymous_2)","decl":{"start":{"line":21,"column":18},"end":{"line":21,"column":29}},"loc":{"start":{"line":21,"column":35},"end":{"line":26,"column":15}},"line":21},"3":{"name":"(anonymous_3)","decl":{"start":{"line":30,"column":16},"end":{"line":30,"column":27}},"loc":{"start":{"line":30,"column":33},"end":{"line":30,"column":null}},"line":30},"4":{"name":"(anonymous_4)","decl":{"start":{"line":56,"column":16},"end":{"line":56,"column":30}},"loc":{"start":{"line":56,"column":36},"end":{"line":56,"column":null}},"line":56},"5":{"name":"(anonymous_5)","decl":{"start":{"line":57,"column":16},"end":{"line":57,"column":29}},"loc":{"start":{"line":57,"column":35},"end":{"line":57,"column":null}},"line":57},"6":{"name":"(anonymous_6)","decl":{"start":{"line":75,"column":44},"end":{"line":75,"column":48}},"loc":{"start":{"line":75,"column":53},"end":{"line":75,"column":57}},"line":75},"7":{"name":"(anonymous_7)","decl":{"start":{"line":133,"column":20},"end":{"line":133,"column":36}},"loc":{"start":{"line":133,"column":36},"end":{"line":133,"column":null}},"line":133},"8":{"name":"(anonymous_8)","decl":{"start":{"line":150,"column":20},"end":{"line":150,"column":36}},"loc":{"start":{"line":150,"column":36},"end":{"line":150,"column":null}},"line":150},"9":{"name":"(anonymous_9)","decl":{"start":{"line":167,"column":20},"end":{"line":167,"column":36}},"loc":{"start":{"line":167,"column":36},"end":{"line":167,"column":null}},"line":167},"10":{"name":"(anonymous_10)","decl":{"start":{"line":184,"column":20},"end":{"line":184,"column":36}},"loc":{"start":{"line":184,"column":36},"end":{"line":184,"column":null}},"line":184},"11":{"name":"(anonymous_11)","decl":{"start":{"line":216,"column":27},"end":{"line":216,"column":32}},"loc":{"start":{"line":216,"column":43},"end":{"line":242,"column":17}},"line":216}},"branchMap":{"0":{"loc":{"start":{"line":23,"column":14},"end":{"line":25,"column":null}},"type":"if","locations":[{"start":{"line":23,"column":14},"end":{"line":25,"column":null}},{"start":{},"end":{}}],"line":23},"1":{"loc":{"start":{"line":23,"column":18},"end":{"line":23,"column":55}},"type":"binary-expr","locations":[{"start":{"line":23,"column":18},"end":{"line":23,"column":37}},{"start":{"line":23,"column":37},"end":{"line":23,"column":55}}],"line":23},"2":{"loc":{"start":{"line":202,"column":13},"end":{"line":245,"column":null}},"type":"cond-expr","locations":[{"start":{"line":203,"column":14},"end":{"line":212,"column":26}},{"start":{"line":212,"column":16},"end":{"line":245,"column":null}}],"line":202},"3":{"loc":{"start":{"line":212,"column":16},"end":{"line":245,"column":null}},"type":"cond-expr","locations":[{"start":{"line":213,"column":14},"end":{"line":215,"column":15}},{"start":{"line":215,"column":14},"end":{"line":245,"column":null}}],"line":212},"4":{"loc":{"start":{"line":219,"column":18},"end":{"line":233,"column":null}},"type":"if","locations":[{"start":{"line":219,"column":18},"end":{"line":233,"column":null}},{"start":{},"end":{}}],"line":219},"5":{"loc":{"start":{"line":219,"column":22},"end":{"line":219,"column":80}},"type":"binary-expr","locations":[{"start":{"line":219,"column":22},"end":{"line":219,"column":31}},{"start":{"line":219,"column":31},"end":{"line":219,"column":80}}],"line":219}},"s":{"0":5,"1":5,"2":5,"3":5,"4":0,"5":0,"6":0,"7":0,"8":0,"9":0,"10":15,"11":0,"12":0,"13":1,"14":0,"15":8,"16":8,"17":1,"18":7},"f":{"0":5,"1":5,"2":0,"3":0,"4":0,"5":0,"6":15,"7":0,"8":0,"9":1,"10":0,"11":8},"b":{"0":[0,0],"1":[0,0],"2":[1,4],"3":[0,4],"4":[1,7],"5":[8,4]},"meta":{"lastBranch":6,"lastFunction":12,"lastStatement":19,"seen":{"f:4:16:4:35":0,"s:5:34:5:Infinity":0,"s:7:2:9:Infinity":1,"f:7:8:7:24":1,"s:8:4:8:Infinity":2,"s:11:2:248:Infinity":3,"f:21:18:21:29":2,"s:22:14:22:Infinity":4,"b:23:14:25:Infinity:undefined:undefined:undefined:undefined":0,"s:23:14:25:Infinity":5,"b:23:18:23:37:23:37:23:55":1,"s:24:16:24:Infinity":6,"f:30:16:30:27":3,"s:30:33:30:Infinity":7,"f:56:16:56:30":4,"s:56:36:56:Infinity":8,"f:57:16:57:29":5,"s:57:35:57:Infinity":9,"f:75:44:75:48":6,"s:75:53:75:57":10,"f:133:20:133:36":7,"s:133:36:133:Infinity":11,"f:150:20:150:36":8,"s:150:36:150:Infinity":12,"f:167:20:167:36":9,"s:167:36:167:Infinity":13,"f:184:20:184:36":10,"s:184:36:184:Infinity":14,"b:203:14:212:26:212:16:245:Infinity":2,"b:213:14:215:15:215:14:245:Infinity":3,"f:216:27:216:32":11,"s:218:32:218:Infinity":15,"b:219:18:233:Infinity:undefined:undefined:undefined:undefined":4,"s:219:18:233:Infinity":16,"b:219:22:219:31:219:31:219:80":5,"s:220:20:231:Infinity":17,"s:235:18:240:Infinity":18},"fnNames":{}}}
,"C:\\Users\\vifar\\OneDrive\\Documentos\\GitHub\\mediflow-front\\src\\hooks\\usePatientHistory.js": {"path":"C:\\Users\\vifar\\OneDrive\\Documentos\\GitHub\\mediflow-front\\src\\hooks\\usePatientHistory.js","statementMap":{"0":{"start":{"line":5,"column":20},"end":{"line":5,"column":null}},"1":{"start":{"line":6,"column":19},"end":{"line":6,"column":null}},"2":{"start":{"line":7,"column":16},"end":{"line":7,"column":null}},"3":{"start":{"line":9,"column":8},"end":{"line":27,"column":null}},"4":{"start":{"line":10,"column":4},"end":{"line":10,"column":null}},"5":{"start":{"line":11,"column":4},"end":{"line":11,"column":null}},"6":{"start":{"line":12,"column":4},"end":{"line":26,"column":null}},"7":{"start":{"line":14,"column":24},"end":{"line":14,"column":null}},"8":{"start":{"line":16,"column":6},"end":{"line":18,"column":null}},"9":{"start":{"line":17,"column":8},"end":{"line":17,"column":null}},"10":{"start":{"line":20,"column":20},"end":{"line":20,"column":null}},"11":{"start":{"line":21,"column":6},"end":{"line":21,"column":null}},"12":{"start":{"line":23,"column":6},"end":{"line":23,"column":null}},"13":{"start":{"line":25,"column":6},"end":{"line":25,"column":null}},"14":{"start":{"line":30,"column":2},"end":{"line":32,"column":null}},"15":{"start":{"line":31,"column":4},"end":{"line":31,"column":null}},"16":{"start":{"line":34,"column":2},"end":{"line":39,"column":null}}},"fnMap":{"0":{"name":"usePatientHistory","decl":{"start":{"line":4,"column":16},"end":{"line":4,"column":34}},"loc":{"start":{"line":4,"column":59},"end":{"line":40,"column":null}},"line":4},"1":{"name":"(anonymous_1)","decl":{"start":{"line":9,"column":39},"end":{"line":9,"column":51}},"loc":{"start":{"line":9,"column":51},"end":{"line":27,"column":5}},"line":9},"2":{"name":"(anonymous_2)","decl":{"start":{"line":30,"column":2},"end":{"line":30,"column":18}},"loc":{"start":{"line":30,"column":18},"end":{"line":32,"column":5}},"line":30}},"branchMap":{"0":{"loc":{"start":{"line":4,"column":34},"end":{"line":4,"column":59}},"type":"default-arg","locations":[{"start":{"line":4,"column":47},"end":{"line":4,"column":59}}],"line":4},"1":{"loc":{"start":{"line":16,"column":6},"end":{"line":18,"column":null}},"type":"if","locations":[{"start":{"line":16,"column":6},"end":{"line":18,"column":null}},{"start":{},"end":{}}],"line":16},"2":{"loc":{"start":{"line":23,"column":15},"end":{"line":23,"column":91}},"type":"binary-expr","locations":[{"start":{"line":23,"column":15},"end":{"line":23,"column":30}},{"start":{"line":23,"column":30},"end":{"line":23,"column":91}}],"line":23}},"s":{"0":7,"1":7,"2":7,"3":7,"4":4,"5":4,"6":4,"7":4,"8":2,"9":1,"10":1,"11":1,"12":2,"13":3,"14":7,"15":4,"16":7},"f":{"0":7,"1":4,"2":4},"b":{"0":[7],"1":[1,1],"2":[2,0]},"meta":{"lastBranch":3,"lastFunction":3,"lastStatement":17,"seen":{"f:4:16:4:34":0,"b:4:47:4:59":0,"s:5:20:5:Infinity":0,"s:6:19:6:Infinity":1,"s:7:16:7:Infinity":2,"s:9:8:27:Infinity":3,"f:9:39:9:51":1,"s:10:4:10:Infinity":4,"s:11:4:11:Infinity":5,"s:12:4:26:Infinity":6,"s:14:24:14:Infinity":7,"b:16:6:18:Infinity:undefined:undefined:undefined:undefined":1,"s:16:6:18:Infinity":8,"s:17:8:17:Infinity":9,"s:20:20:20:Infinity":10,"s:21:6:21:Infinity":11,"s:23:6:23:Infinity":12,"b:23:15:23:30:23:30:23:91":2,"s:25:6:25:Infinity":13,"s:30:2:32:Infinity":14,"f:30:2:30:18":2,"s:31:4:31:Infinity":15,"s:34:2:39:Infinity":16},"fnNames":{}}}
}
